<?xml version="1.0" encoding="UTF-8"?>
<!-- Generated by org.testng.reporters.JUnitXMLReporter -->
<testsuite hostname="pratik" name="Test" tests="1" failures="1" timestamp="2 Nov 2022 04:18:57 GMT" time="1.695" errors="0">
  <testcase name="crossBrowser" time="1.633" classname="CrossBrowserTesting.cbt">
    <failure type="java.lang.NoClassDefFoundError" message="org/apache/commons/io/FileUtils">
      <![CDATA[java.lang.NoClassDefFoundError: org/apache/commons/io/FileUtils
	at io.github.bonigarcia.wdm.WebDriverManager.getFilesInCache(WebDriverManager.java:926)
	at io.github.bonigarcia.wdm.WebDriverManager.getDriverFromCache(WebDriverManager.java:869)
	at io.github.bonigarcia.wdm.WebDriverManager.handleCache(WebDriverManager.java:860)
	at io.github.bonigarcia.wdm.WebDriverManager.downloadAndExport(WebDriverManager.java:557)
	at io.github.bonigarcia.wdm.WebDriverManager.manage(WebDriverManager.java:547)
	at io.github.bonigarcia.wdm.WebDriverManager.handleException(WebDriverManager.java:766)
	at io.github.bonigarcia.wdm.WebDriverManager.manage(WebDriverManager.java:550)
	at io.github.bonigarcia.wdm.WebDriverManager.setup(WebDriverManager.java:260)
	at CrossBrowserTesting.cbt.crossBrowser(cbt.java:17)
Caused by: java.lang.ClassNotFoundException: org.apache.commons.io.FileUtils
	at java.net.URLClassLoader.findClass(URLClassLoader.java:387)
	at java.lang.ClassLoader.loadClass(ClassLoader.java:418)
	at sun.misc.Launcher$AppClassLoader.loadClass(Launcher.java:355)
	at java.lang.ClassLoader.loadClass(ClassLoader.java:351)
	... 33 more
... Removed 24 stack frames]]>
    </failure>
  </testcase> <!-- crossBrowser -->
</testsuite> <!-- Test -->
