<?xml version="1.0" encoding="UTF-8"?>
<testng-results skipped="0" failed="0" total="1" passed="1">
  <reporter-output>
  </reporter-output>
  <suite name="Default suite" duration-ms="1391" started-at="2022-11-11T11:50:01Z" finished-at="2022-11-11T11:50:03Z">
    <groups>
    </groups>
    <test name="Default test" duration-ms="1391" started-at="2022-11-11T11:50:01Z" finished-at="2022-11-11T11:50:03Z">
      <class name="reports.ExtentReport">
        <test-method status="PASS" signature="Extent()[pri:0, instance:reports.ExtentReport@47f37ef1]" name="Extent" duration-ms="1329" started-at="2022-11-11T17:20:01Z" finished-at="2022-11-11T17:20:03Z">
          <reporter-output>
          </reporter-output>
        </test-method> <!-- Extent -->
      </class> <!-- reports.ExtentReport -->
    </test> <!-- Default test -->
  </suite> <!-- Default suite -->
</testng-results>
